<?xml version="1.0" encoding="UTF-8"?>
<testng-results ignored="0" total="1" passed="1" failed="0" skipped="0">
  <reporter-output>
    <line>
      <![CDATA[--------------------------]]>
    </line>
    <line>
      <![CDATA[      Ascending order]]>
    </line>
    <line>
      <![CDATA[-------------------------]]>
    </line>
    <line>
      <![CDATA[Astarte Medium Back Executive Chair In Red Black Colour]]>
    </line>
    <line>
      <![CDATA[Bali 1 Seater Sofa In Blue Colour]]>
    </line>
    <line>
      <![CDATA[Bali 1 Seater Sofa In Grey Colour]]>
    </line>
    <line>
      <![CDATA[Bali 1 Seater Sofa In Pink Colour]]>
    </line>
    <line>
      <![CDATA[Bali 1 Seater Sofa In Velvet Blue Colour]]>
    </line>
    <line>
      <![CDATA[Bali 2 Seater Sofa In Blue Colour]]>
    </line>
    <line>
      <![CDATA[Bali 2 Seater Sofa In Grey Colour]]>
    </line>
    <line>
      <![CDATA[Bali 2 Seater Sofa In Red Colour]]>
    </line>
    <line>
      <![CDATA[Bali 2 Seater Sofa In Velvet Blue Colour]]>
    </line>
    <line>
      <![CDATA[Bali 2 Seater Sofa In Velvet Grey Colour]]>
    </line>
    <line>
      <![CDATA[Bali 3 Seater Sofa In Blue Colour]]>
    </line>
    <line>
      <![CDATA[Bali 3 Seater Sofa In Grey Colour]]>
    </line>
    <line>
      <![CDATA[Bali 3 Seater Sofa In Pink Colour]]>
    </line>
    <line>
      <![CDATA[Bali 3 Seater Sofa In Red Colour]]>
    </line>
    <line>
      <![CDATA[Bali 3 Seater Sofa In Velvet Blue Colour]]>
    </line>
    <line>
      <![CDATA[Bali 3 Seater Sofa In Velvet Grey Colour]]>
    </line>
    <line>
      <![CDATA[Bliss 5 Seater LHS Sectional Sofa In Black & Grey Colour]]>
    </line>
    <line>
      <![CDATA[Bliss 5 Seater LHS Sectional Sofa In Velvet Blue Colour]]>
    </line>
    <line>
      <![CDATA[Bliss 5 Seater RHS Sectional Sofa In Black & Grey Colour]]>
    </line>
    <line>
      <![CDATA[Bliss 6 Seater LHS Sectional Sofa In Black & Grey Colour]]>
    </line>
    <line>
      <![CDATA[Bliss 6 Seater LHS Sectional Sofa In Black & Velvet Grey Colour]]>
    </line>
    <line>
      <![CDATA[Bliss 6 Seater LHS Sectional Sofa In Grey & Blue Colour]]>
    </line>
    <line>
      <![CDATA[Bliss 6 Seater LHS Sectional Sofa In Velvet Blue Colour]]>
    </line>
    <line>
      <![CDATA[Bliss 6 Seater RHS Sectional Sofa In Black & Grey Colour]]>
    </line>
    <line>
      <![CDATA[Bliss 6 Seater RHS Sectional Sofa In Black & Velvet Grey Colour]]>
    </line>
    <line>
      <![CDATA[Bliss 6 Seater RHS Sectional Sofa In Grey & Blue Colour]]>
    </line>
    <line>
      <![CDATA[Bliss 6 Seater RHS Sectional Sofa In Velvet Blue Colour]]>
    </line>
    <line>
      <![CDATA[Comet Ergonomic Chair In Black & White Colour]]>
    </line>
    <line>
      <![CDATA[Edo Sofa Cum Bed In Brown Colour]]>
    </line>
    <line>
      <![CDATA[Edo Sofa Cum Bed In Dark Blue Colour]]>
    </line>
    <line>
      <![CDATA[Edo Sofa Cum Bed In Green Colour]]>
    </line>
    <line>
      <![CDATA[Edo Sofa Cum Bed In Velvet Blue Colour]]>
    </line>
    <line>
      <![CDATA[Fabric Care Kit]]>
    </line>
    <line>
      <![CDATA[Madison 3 Seater Sofa In Grey Colour]]>
    </line>
    <line>
      <![CDATA[Matrix Torin High Back Ergonomic Chair In Black Colour]]>
    </line>
    <line>
      <![CDATA[Max Cafe Chair In Brown Colour]]>
    </line>
    <line>
      <![CDATA[Mr. RX N4 Furniture Maintainer & Shiner 1 Litre]]>
    </line>
    <line>
      <![CDATA[Mr. RX N4 Furniture Maintainer & Shiner 5 Litre]]>
    </line>
    <line>
      <![CDATA[Ozone 3 Door Wardrobe In Teak Finish]]>
    </line>
    <line>
      <![CDATA[Ozone 3 Door Wardrobe In Teak Finish]]>
    </line>
    <line>
      <![CDATA[Ozone 3 Door Wardrobe Without Drawer & Mirror In Wenge Finish]]>
    </line>
    <line>
      <![CDATA[Ozone 4 Door Wardrobe In Maple Finish]]>
    </line>
    <line>
      <![CDATA[Ozone 4 Door Wardrobe In Milky Maple Finish]]>
    </line>
    <line>
      <![CDATA[Racing Gaming Chair In Grey & Black Colour]]>
    </line>
    <line>
      <![CDATA[Regal Grand Dresser In Walnut & Marble Finish]]>
    </line>
    <line>
      <![CDATA[Sheesham Wood Floating Book Shelf In Provincial Teak Finish]]>
    </line>
    <line>
      <![CDATA[Solid Wood Care Kit]]>
    </line>
    <line>
      <![CDATA[Zyax Wood Polish Furniture Spray 500ml]]>
    </line>
    <line>
      <![CDATA[--------------------------]]>
    </line>
    <line>
      <![CDATA[     Descending order]]>
    </line>
    <line>
      <![CDATA[--------------------------]]>
    </line>
    <line>
      <![CDATA[Zyax Wood Polish Furniture Spray 500ml]]>
    </line>
    <line>
      <![CDATA[Solid Wood Care Kit]]>
    </line>
    <line>
      <![CDATA[Sheesham Wood Floating Book Shelf In Provincial Teak Finish]]>
    </line>
    <line>
      <![CDATA[Regal Grand Dresser In Walnut & Marble Finish]]>
    </line>
    <line>
      <![CDATA[Racing Gaming Chair In Grey & Black Colour]]>
    </line>
    <line>
      <![CDATA[Ozone 4 Door Wardrobe In Milky Maple Finish]]>
    </line>
    <line>
      <![CDATA[Ozone 4 Door Wardrobe In Maple Finish]]>
    </line>
    <line>
      <![CDATA[Ozone 3 Door Wardrobe Without Drawer & Mirror In Wenge Finish]]>
    </line>
    <line>
      <![CDATA[Ozone 3 Door Wardrobe In Teak Finish]]>
    </line>
    <line>
      <![CDATA[Ozone 3 Door Wardrobe In Teak Finish]]>
    </line>
    <line>
      <![CDATA[Mr. RX N4 Furniture Maintainer & Shiner 5 Litre]]>
    </line>
    <line>
      <![CDATA[Mr. RX N4 Furniture Maintainer & Shiner 1 Litre]]>
    </line>
    <line>
      <![CDATA[Max Cafe Chair In Brown Colour]]>
    </line>
    <line>
      <![CDATA[Matrix Torin High Back Ergonomic Chair In Black Colour]]>
    </line>
    <line>
      <![CDATA[Madison 3 Seater Sofa In Grey Colour]]>
    </line>
    <line>
      <![CDATA[Fabric Care Kit]]>
    </line>
    <line>
      <![CDATA[Edo Sofa Cum Bed In Velvet Blue Colour]]>
    </line>
    <line>
      <![CDATA[Edo Sofa Cum Bed In Green Colour]]>
    </line>
    <line>
      <![CDATA[Edo Sofa Cum Bed In Dark Blue Colour]]>
    </line>
    <line>
      <![CDATA[Edo Sofa Cum Bed In Brown Colour]]>
    </line>
    <line>
      <![CDATA[Comet Ergonomic Chair In Black & White Colour]]>
    </line>
    <line>
      <![CDATA[Bliss 6 Seater RHS Sectional Sofa In Velvet Blue Colour]]>
    </line>
    <line>
      <![CDATA[Bliss 6 Seater RHS Sectional Sofa In Grey & Blue Colour]]>
    </line>
    <line>
      <![CDATA[Bliss 6 Seater RHS Sectional Sofa In Black & Velvet Grey Colour]]>
    </line>
    <line>
      <![CDATA[Bliss 6 Seater RHS Sectional Sofa In Black & Grey Colour]]>
    </line>
    <line>
      <![CDATA[Bliss 6 Seater LHS Sectional Sofa In Velvet Blue Colour]]>
    </line>
    <line>
      <![CDATA[Bliss 6 Seater LHS Sectional Sofa In Grey & Blue Colour]]>
    </line>
    <line>
      <![CDATA[Bliss 6 Seater LHS Sectional Sofa In Black & Velvet Grey Colour]]>
    </line>
    <line>
      <![CDATA[Bliss 6 Seater LHS Sectional Sofa In Black & Grey Colour]]>
    </line>
    <line>
      <![CDATA[Bliss 5 Seater RHS Sectional Sofa In Black & Grey Colour]]>
    </line>
    <line>
      <![CDATA[Bliss 5 Seater LHS Sectional Sofa In Velvet Blue Colour]]>
    </line>
    <line>
      <![CDATA[Bliss 5 Seater LHS Sectional Sofa In Black & Grey Colour]]>
    </line>
    <line>
      <![CDATA[Bali 3 Seater Sofa In Velvet Grey Colour]]>
    </line>
    <line>
      <![CDATA[Bali 3 Seater Sofa In Velvet Blue Colour]]>
    </line>
    <line>
      <![CDATA[Bali 3 Seater Sofa In Red Colour]]>
    </line>
    <line>
      <![CDATA[Bali 3 Seater Sofa In Pink Colour]]>
    </line>
    <line>
      <![CDATA[Bali 3 Seater Sofa In Grey Colour]]>
    </line>
    <line>
      <![CDATA[Bali 3 Seater Sofa In Blue Colour]]>
    </line>
    <line>
      <![CDATA[Bali 2 Seater Sofa In Velvet Grey Colour]]>
    </line>
    <line>
      <![CDATA[Bali 2 Seater Sofa In Velvet Blue Colour]]>
    </line>
    <line>
      <![CDATA[Bali 2 Seater Sofa In Red Colour]]>
    </line>
    <line>
      <![CDATA[Bali 2 Seater Sofa In Grey Colour]]>
    </line>
    <line>
      <![CDATA[Bali 2 Seater Sofa In Blue Colour]]>
    </line>
    <line>
      <![CDATA[Bali 1 Seater Sofa In Velvet Blue Colour]]>
    </line>
    <line>
      <![CDATA[Bali 1 Seater Sofa In Pink Colour]]>
    </line>
    <line>
      <![CDATA[Bali 1 Seater Sofa In Grey Colour]]>
    </line>
    <line>
      <![CDATA[Bali 1 Seater Sofa In Blue Colour]]>
    </line>
    <line>
      <![CDATA[Astarte Medium Back Executive Chair In Red Black Colour]]>
    </line>
  </reporter-output>
  <suite started-at="2022-11-07T02:07:10 CST" name="Suite" finished-at="2022-11-07T02:07:33 CST" duration-ms="23228">
    <groups>
    </groups>
    <test started-at="2022-11-07T02:07:10 CST" name="Test" finished-at="2022-11-07T02:07:33 CST" duration-ms="23228">
      <class name="testcases.TC_001">
        <test-method is-config="true" signature="launchDriver()[pri:0, instance:testcases.TC_001@233fe9b6]" started-at="2022-11-07T02:07:10 CST" name="launchDriver" finished-at="2022-11-07T02:07:13 CST" duration-ms="3249" status="PASS">
          <reporter-output>
          </reporter-output>
        </test-method> <!-- launchDriver -->
        <test-method signature="searchItem(java.lang.String, java.lang.String)[pri:0, instance:testcases.TC_001@233fe9b6]" started-at="2022-11-07T02:07:13 CST" name="searchItem" finished-at="2022-11-07T02:07:33 CST" duration-ms="19793" status="PASS">
          <params>
            <param index="0">
              <value>
                <![CDATA[https://www.pepperfry.com]]>
              </value>
            </param>
            <param index="1">
              <value>
                <![CDATA[furniture]]>
              </value>
            </param>
          </params>
          <reporter-output>
            <line>
              <![CDATA[--------------------------]]>
            </line>
            <line>
              <![CDATA[      Ascending order]]>
            </line>
            <line>
              <![CDATA[-------------------------]]>
            </line>
            <line>
              <![CDATA[Astarte Medium Back Executive Chair In Red Black Colour]]>
            </line>
            <line>
              <![CDATA[Bali 1 Seater Sofa In Blue Colour]]>
            </line>
            <line>
              <![CDATA[Bali 1 Seater Sofa In Grey Colour]]>
            </line>
            <line>
              <![CDATA[Bali 1 Seater Sofa In Pink Colour]]>
            </line>
            <line>
              <![CDATA[Bali 1 Seater Sofa In Velvet Blue Colour]]>
            </line>
            <line>
              <![CDATA[Bali 2 Seater Sofa In Blue Colour]]>
            </line>
            <line>
              <![CDATA[Bali 2 Seater Sofa In Grey Colour]]>
            </line>
            <line>
              <![CDATA[Bali 2 Seater Sofa In Red Colour]]>
            </line>
            <line>
              <![CDATA[Bali 2 Seater Sofa In Velvet Blue Colour]]>
            </line>
            <line>
              <![CDATA[Bali 2 Seater Sofa In Velvet Grey Colour]]>
            </line>
            <line>
              <![CDATA[Bali 3 Seater Sofa In Blue Colour]]>
            </line>
            <line>
              <![CDATA[Bali 3 Seater Sofa In Grey Colour]]>
            </line>
            <line>
              <![CDATA[Bali 3 Seater Sofa In Pink Colour]]>
            </line>
            <line>
              <![CDATA[Bali 3 Seater Sofa In Red Colour]]>
            </line>
            <line>
              <![CDATA[Bali 3 Seater Sofa In Velvet Blue Colour]]>
            </line>
            <line>
              <![CDATA[Bali 3 Seater Sofa In Velvet Grey Colour]]>
            </line>
            <line>
              <![CDATA[Bliss 5 Seater LHS Sectional Sofa In Black & Grey Colour]]>
            </line>
            <line>
              <![CDATA[Bliss 5 Seater LHS Sectional Sofa In Velvet Blue Colour]]>
            </line>
            <line>
              <![CDATA[Bliss 5 Seater RHS Sectional Sofa In Black & Grey Colour]]>
            </line>
            <line>
              <![CDATA[Bliss 6 Seater LHS Sectional Sofa In Black & Grey Colour]]>
            </line>
            <line>
              <![CDATA[Bliss 6 Seater LHS Sectional Sofa In Black & Velvet Grey Colour]]>
            </line>
            <line>
              <![CDATA[Bliss 6 Seater LHS Sectional Sofa In Grey & Blue Colour]]>
            </line>
            <line>
              <![CDATA[Bliss 6 Seater LHS Sectional Sofa In Velvet Blue Colour]]>
            </line>
            <line>
              <![CDATA[Bliss 6 Seater RHS Sectional Sofa In Black & Grey Colour]]>
            </line>
            <line>
              <![CDATA[Bliss 6 Seater RHS Sectional Sofa In Black & Velvet Grey Colour]]>
            </line>
            <line>
              <![CDATA[Bliss 6 Seater RHS Sectional Sofa In Grey & Blue Colour]]>
            </line>
            <line>
              <![CDATA[Bliss 6 Seater RHS Sectional Sofa In Velvet Blue Colour]]>
            </line>
            <line>
              <![CDATA[Comet Ergonomic Chair In Black & White Colour]]>
            </line>
            <line>
              <![CDATA[Edo Sofa Cum Bed In Brown Colour]]>
            </line>
            <line>
              <![CDATA[Edo Sofa Cum Bed In Dark Blue Colour]]>
            </line>
            <line>
              <![CDATA[Edo Sofa Cum Bed In Green Colour]]>
            </line>
            <line>
              <![CDATA[Edo Sofa Cum Bed In Velvet Blue Colour]]>
            </line>
            <line>
              <![CDATA[Fabric Care Kit]]>
            </line>
            <line>
              <![CDATA[Madison 3 Seater Sofa In Grey Colour]]>
            </line>
            <line>
              <![CDATA[Matrix Torin High Back Ergonomic Chair In Black Colour]]>
            </line>
            <line>
              <![CDATA[Max Cafe Chair In Brown Colour]]>
            </line>
            <line>
              <![CDATA[Mr. RX N4 Furniture Maintainer & Shiner 1 Litre]]>
            </line>
            <line>
              <![CDATA[Mr. RX N4 Furniture Maintainer & Shiner 5 Litre]]>
            </line>
            <line>
              <![CDATA[Ozone 3 Door Wardrobe In Teak Finish]]>
            </line>
            <line>
              <![CDATA[Ozone 3 Door Wardrobe In Teak Finish]]>
            </line>
            <line>
              <![CDATA[Ozone 3 Door Wardrobe Without Drawer & Mirror In Wenge Finish]]>
            </line>
            <line>
              <![CDATA[Ozone 4 Door Wardrobe In Maple Finish]]>
            </line>
            <line>
              <![CDATA[Ozone 4 Door Wardrobe In Milky Maple Finish]]>
            </line>
            <line>
              <![CDATA[Racing Gaming Chair In Grey & Black Colour]]>
            </line>
            <line>
              <![CDATA[Regal Grand Dresser In Walnut & Marble Finish]]>
            </line>
            <line>
              <![CDATA[Sheesham Wood Floating Book Shelf In Provincial Teak Finish]]>
            </line>
            <line>
              <![CDATA[Solid Wood Care Kit]]>
            </line>
            <line>
              <![CDATA[Zyax Wood Polish Furniture Spray 500ml]]>
            </line>
            <line>
              <![CDATA[--------------------------]]>
            </line>
            <line>
              <![CDATA[     Descending order]]>
            </line>
            <line>
              <![CDATA[--------------------------]]>
            </line>
            <line>
              <![CDATA[Zyax Wood Polish Furniture Spray 500ml]]>
            </line>
            <line>
              <![CDATA[Solid Wood Care Kit]]>
            </line>
            <line>
              <![CDATA[Sheesham Wood Floating Book Shelf In Provincial Teak Finish]]>
            </line>
            <line>
              <![CDATA[Regal Grand Dresser In Walnut & Marble Finish]]>
            </line>
            <line>
              <![CDATA[Racing Gaming Chair In Grey & Black Colour]]>
            </line>
            <line>
              <![CDATA[Ozone 4 Door Wardrobe In Milky Maple Finish]]>
            </line>
            <line>
              <![CDATA[Ozone 4 Door Wardrobe In Maple Finish]]>
            </line>
            <line>
              <![CDATA[Ozone 3 Door Wardrobe Without Drawer & Mirror In Wenge Finish]]>
            </line>
            <line>
              <![CDATA[Ozone 3 Door Wardrobe In Teak Finish]]>
            </line>
            <line>
              <![CDATA[Ozone 3 Door Wardrobe In Teak Finish]]>
            </line>
            <line>
              <![CDATA[Mr. RX N4 Furniture Maintainer & Shiner 5 Litre]]>
            </line>
            <line>
              <![CDATA[Mr. RX N4 Furniture Maintainer & Shiner 1 Litre]]>
            </line>
            <line>
              <![CDATA[Max Cafe Chair In Brown Colour]]>
            </line>
            <line>
              <![CDATA[Matrix Torin High Back Ergonomic Chair In Black Colour]]>
            </line>
            <line>
              <![CDATA[Madison 3 Seater Sofa In Grey Colour]]>
            </line>
            <line>
              <![CDATA[Fabric Care Kit]]>
            </line>
            <line>
              <![CDATA[Edo Sofa Cum Bed In Velvet Blue Colour]]>
            </line>
            <line>
              <![CDATA[Edo Sofa Cum Bed In Green Colour]]>
            </line>
            <line>
              <![CDATA[Edo Sofa Cum Bed In Dark Blue Colour]]>
            </line>
            <line>
              <![CDATA[Edo Sofa Cum Bed In Brown Colour]]>
            </line>
            <line>
              <![CDATA[Comet Ergonomic Chair In Black & White Colour]]>
            </line>
            <line>
              <![CDATA[Bliss 6 Seater RHS Sectional Sofa In Velvet Blue Colour]]>
            </line>
            <line>
              <![CDATA[Bliss 6 Seater RHS Sectional Sofa In Grey & Blue Colour]]>
            </line>
            <line>
              <![CDATA[Bliss 6 Seater RHS Sectional Sofa In Black & Velvet Grey Colour]]>
            </line>
            <line>
              <![CDATA[Bliss 6 Seater RHS Sectional Sofa In Black & Grey Colour]]>
            </line>
            <line>
              <![CDATA[Bliss 6 Seater LHS Sectional Sofa In Velvet Blue Colour]]>
            </line>
            <line>
              <![CDATA[Bliss 6 Seater LHS Sectional Sofa In Grey & Blue Colour]]>
            </line>
            <line>
              <![CDATA[Bliss 6 Seater LHS Sectional Sofa In Black & Velvet Grey Colour]]>
            </line>
            <line>
              <![CDATA[Bliss 6 Seater LHS Sectional Sofa In Black & Grey Colour]]>
            </line>
            <line>
              <![CDATA[Bliss 5 Seater RHS Sectional Sofa In Black & Grey Colour]]>
            </line>
            <line>
              <![CDATA[Bliss 5 Seater LHS Sectional Sofa In Velvet Blue Colour]]>
            </line>
            <line>
              <![CDATA[Bliss 5 Seater LHS Sectional Sofa In Black & Grey Colour]]>
            </line>
            <line>
              <![CDATA[Bali 3 Seater Sofa In Velvet Grey Colour]]>
            </line>
            <line>
              <![CDATA[Bali 3 Seater Sofa In Velvet Blue Colour]]>
            </line>
            <line>
              <![CDATA[Bali 3 Seater Sofa In Red Colour]]>
            </line>
            <line>
              <![CDATA[Bali 3 Seater Sofa In Pink Colour]]>
            </line>
            <line>
              <![CDATA[Bali 3 Seater Sofa In Grey Colour]]>
            </line>
            <line>
              <![CDATA[Bali 3 Seater Sofa In Blue Colour]]>
            </line>
            <line>
              <![CDATA[Bali 2 Seater Sofa In Velvet Grey Colour]]>
            </line>
            <line>
              <![CDATA[Bali 2 Seater Sofa In Velvet Blue Colour]]>
            </line>
            <line>
              <![CDATA[Bali 2 Seater Sofa In Red Colour]]>
            </line>
            <line>
              <![CDATA[Bali 2 Seater Sofa In Grey Colour]]>
            </line>
            <line>
              <![CDATA[Bali 2 Seater Sofa In Blue Colour]]>
            </line>
            <line>
              <![CDATA[Bali 1 Seater Sofa In Velvet Blue Colour]]>
            </line>
            <line>
              <![CDATA[Bali 1 Seater Sofa In Pink Colour]]>
            </line>
            <line>
              <![CDATA[Bali 1 Seater Sofa In Grey Colour]]>
            </line>
            <line>
              <![CDATA[Bali 1 Seater Sofa In Blue Colour]]>
            </line>
            <line>
              <![CDATA[Astarte Medium Back Executive Chair In Red Black Colour]]>
            </line>
          </reporter-output>
        </test-method> <!-- searchItem -->
        <test-method is-config="true" signature="teardown()[pri:0, instance:testcases.TC_001@233fe9b6]" started-at="2022-11-07T02:07:33 CST" name="teardown" finished-at="2022-11-07T02:07:33 CST" duration-ms="158" status="PASS">
          <reporter-output>
          </reporter-output>
        </test-method> <!-- teardown -->
      </class> <!-- testcases.TC_001 -->
    </test> <!-- Test -->
  </suite> <!-- Suite -->
</testng-results>
